d:\code\src\luadll\luadll\debug\vc142.pdb
d:\code\src\luadll\luadll\debug\vc142.idb
d:\code\src\luadll\luadll\debug\lparser.obj
d:\code\src\luadll\luadll\debug\loslib.obj
d:\code\src\luadll\luadll\debug\lopcodes.obj
d:\code\src\luadll\luadll\debug\lobject.obj
d:\code\src\luadll\luadll\debug\loadlib.obj
d:\code\src\luadll\luadll\debug\lmem.obj
d:\code\src\luadll\luadll\debug\lmathlib.obj
d:\code\src\luadll\luadll\debug\llex.obj
d:\code\src\luadll\luadll\debug\liolib.obj
d:\code\src\luadll\luadll\debug\linit.obj
d:\code\src\luadll\luadll\debug\lgc.obj
d:\code\src\luadll\luadll\debug\lfunc.obj
d:\code\src\luadll\luadll\debug\ldump.obj
d:\code\src\luadll\luadll\debug\ldo.obj
d:\code\src\luadll\luadll\debug\ldebug.obj
d:\code\src\luadll\luadll\debug\ldblib.obj
d:\code\src\luadll\luadll\debug\lcode.obj
d:\code\src\luadll\luadll\debug\lbaselib.obj
d:\code\src\luadll\luadll\debug\lauxlib.obj
d:\code\src\luadll\luadll\debug\lapi.obj
d:\code\src\luadll\luadll\debug\print.obj
d:\code\src\luadll\luadll\debug\lzio.obj
d:\code\src\luadll\luadll\debug\lvm.obj
d:\code\src\luadll\luadll\debug\lundump.obj
d:\code\src\luadll\luadll\debug\luac.obj
d:\code\src\luadll\luadll\debug\lua.obj
d:\code\src\luadll\luadll\debug\ltm.obj
d:\code\src\luadll\luadll\debug\ltablib.obj
d:\code\src\luadll\luadll\debug\ltable.obj
d:\code\src\luadll\luadll\debug\lstrlib.obj
d:\code\src\luadll\luadll\debug\lstring.obj
d:\code\src\luadll\luadll\debug\lstate.obj
d:\code\src\luadll\luadll\debug\luadll.ilk
d:\code\src\bin\luadll.dll
d:\code\src\bin\luadll.pdb
d:\code\src\bin\luadll.lib
d:\code\src\bin\luadll.exp
d:\code\src\luadll\luadll\debug\luadll.tlog\cl.command.1.tlog
d:\code\src\luadll\luadll\debug\luadll.tlog\cl.read.1.tlog
d:\code\src\luadll\luadll\debug\luadll.tlog\cl.write.1.tlog
d:\code\src\luadll\luadll\debug\luadll.tlog\link.command.1.tlog
d:\code\src\luadll\luadll\debug\luadll.tlog\link.read.1.tlog
d:\code\src\luadll\luadll\debug\luadll.tlog\link.write.1.tlog
d:\code\src\luadll\luadll\debug\luadll.tlog\luadll.write.1u.tlog
